2018-04-25 21:36:11 INFO     Coordinates : 35 , 44 - Gaze : left up
2018-04-25 21:36:11 INFO     Coordinates : 38 , 46 - Gaze : left up
2018-04-25 21:36:12 INFO     Coordinates : 41 , 51 - Gaze : left up
2018-04-25 21:36:12 INFO     Coordinates : 49 , 59 - Gaze : left up
2018-04-25 21:36:12 INFO     Coordinates : 46 , 56 - Gaze : right down
2018-04-25 21:36:12 INFO     Coordinates : 49 , 58 - Gaze : left up
2018-04-25 21:36:12 INFO     Coordinates : 46 , 56 - Gaze : right down
2018-04-25 21:36:12 INFO     Coordinates : 51 , 60 - Gaze : left up
2018-04-25 21:36:13 INFO     Coordinates : 45 , 55 - Gaze : right down
2018-04-25 21:36:13 INFO     Coordinates : 48 , 58 - Gaze : left up
2018-04-25 21:36:13 INFO     Coordinates : 45 , 56 - Gaze : right down
2018-04-25 21:36:13 INFO     Coordinates : 44 , 56 - Gaze : right
2018-04-25 21:36:13 INFO     Coordinates : 45 , 56 - Gaze : left
2018-04-25 21:36:14 INFO     Coordinates : 45 , 57 - Gaze : up
2018-04-25 21:36:14 INFO     Coordinates : 40 , 54 - Gaze : right down
2018-04-25 21:36:14 INFO     Coordinates : 42 , 55 - Gaze : left up
2018-04-25 21:36:14 INFO     Coordinates : 42 , 57 - Gaze : up
2018-04-25 21:36:14 INFO     Coordinates : 41 , 55 - Gaze : right down
2018-04-25 21:36:14 INFO     Coordinates : 44 , 58 - Gaze : left up
2018-04-25 21:36:14 INFO     Coordinates : 42 , 55 - Gaze : right down
2018-04-25 21:36:15 INFO     Coordinates : 44 , 57 - Gaze : left up
2018-04-25 21:36:15 INFO     Coordinates : 41 , 55 - Gaze : right down
2018-04-25 21:36:15 INFO     Coordinates : 43 , 58 - Gaze : left up
2018-04-25 21:36:15 INFO     Coordinates : 42 , 56 - Gaze : right down
2018-04-25 21:36:15 INFO     Coordinates : 41 , 56 - Gaze : right
2018-04-25 21:36:15 INFO     Coordinates : 41 , 54 - Gaze : down
2018-04-25 21:36:15 INFO     Coordinates : 43 , 55 - Gaze : left up
2018-04-25 21:36:16 INFO     Coordinates : 40 , 53 - Gaze : right down
2018-04-25 21:36:16 INFO     Coordinates : 43 , 57 - Gaze : left up
2018-04-25 21:36:16 INFO     Coordinates : 40 , 53 - Gaze : right down
2018-04-25 21:36:16 INFO     Coordinates : 43 , 56 - Gaze : left up
2018-04-25 21:36:16 INFO     Coordinates : 44 , 58 - Gaze : left up
2018-04-25 21:36:16 INFO     Coordinates : 43 , 54 - Gaze : right down
2018-04-25 21:36:17 INFO     Coordinates : 43 , 57 - Gaze : up
2018-04-25 21:36:17 INFO     Coordinates : 41 , 54 - Gaze : right down
2018-04-25 21:36:17 INFO     Coordinates : 44 , 57 - Gaze : left up
2018-04-25 21:36:17 INFO     Coordinates : 43 , 55 - Gaze : right down
2018-04-25 21:36:18 INFO     Coordinates : 48 , 62 - Gaze : left up
2018-04-25 21:36:18 INFO     Coordinates : 48 , 56 - Gaze : down
